
   ErrorException 

  file_get_contents(): Read of 8192 bytes failed with errno=21 Is a directory

  at vendor/google/apiclient/src/Client.php:963
    959▕       if (!file_exists($config)) {
    960▕         throw new InvalidArgumentException(sprintf('file "%s" does not exist', $config));
    961▕       }
    962▕ 
  ➜ 963▕       $json = file_get_contents($config);
    964▕ 
    965▕       if (!$config = json_decode($json, true)) {
    966▕         throw new LogicException('invalid json for auth config');
    967▕       }

      [2m+1 vendor frames [22m
  2   app/Providers/GoogleServiceProvider.php:20
      Google\Client::setAuthConfig()

      [2m+7 vendor frames [22m
  10  artisan:37
      Illuminate\Foundation\Console\Kernel::handle()

   ErrorException 

  file_get_contents(): Read of 8192 bytes failed with errno=21 Is a directory

  at vendor/google/apiclient/src/Client.php:963
    959▕       if (!file_exists($config)) {
    960▕         throw new InvalidArgumentException(sprintf('file "%s" does not exist', $config));
    961▕       }
    962▕ 
  ➜ 963▕       $json = file_get_contents($config);
    964▕ 
    965▕       if (!$config = json_decode($json, true)) {
    966▕         throw new LogicException('invalid json for auth config');
    967▕       }

      [2m+1 vendor frames [22m
  2   app/Providers/GoogleServiceProvider.php:20
      Google\Client::setAuthConfig()

      [2m+7 vendor frames [22m
  10  artisan:37
      Illuminate\Foundation\Console\Kernel::handle()

   ErrorException 

  file_get_contents(): Read of 8192 bytes failed with errno=21 Is a directory

  at vendor/google/apiclient/src/Client.php:963
    959▕       if (!file_exists($config)) {
    960▕         throw new InvalidArgumentException(sprintf('file "%s" does not exist', $config));
    961▕       }
    962▕ 
  ➜ 963▕       $json = file_get_contents($config);
    964▕ 
    965▕       if (!$config = json_decode($json, true)) {
    966▕         throw new LogicException('invalid json for auth config');
    967▕       }

      [2m+1 vendor frames [22m
  2   app/Providers/GoogleServiceProvider.php:20
      Google\Client::setAuthConfig()

      [2m+7 vendor frames [22m
  10  artisan:37
      Illuminate\Foundation\Console\Kernel::handle()

   ErrorException 

  file_get_contents(): Read of 8192 bytes failed with errno=21 Is a directory

  at vendor/google/apiclient/src/Client.php:963
    959▕       if (!file_exists($config)) {
    960▕         throw new InvalidArgumentException(sprintf('file "%s" does not exist', $config));
    961▕       }
    962▕ 
  ➜ 963▕       $json = file_get_contents($config);
    964▕ 
    965▕       if (!$config = json_decode($json, true)) {
    966▕         throw new LogicException('invalid json for auth config');
    967▕       }

      [2m+1 vendor frames [22m
  2   app/Providers/GoogleServiceProvider.php:20
      Google\Client::setAuthConfig()

      [2m+7 vendor frames [22m
  10  artisan:37
      Illuminate\Foundation\Console\Kernel::handle()
Horizon started successfully.
Horizon started successfully.

   ErrorException 

  file_get_contents(): Read of 8192 bytes failed with errno=21 Is a directory

  at vendor/google/apiclient/src/Client.php:963
    959▕       if (!file_exists($config)) {
    960▕         throw new InvalidArgumentException(sprintf('file "%s" does not exist', $config));
    961▕       }
    962▕ 
  ➜ 963▕       $json = file_get_contents($config);
    964▕ 
    965▕       if (!$config = json_decode($json, true)) {
    966▕         throw new LogicException('invalid json for auth config');
    967▕       }

      [2m+1 vendor frames [22m
  2   app/Providers/GoogleServiceProvider.php:21
      Google\Client::setAuthConfig()

      [2m+7 vendor frames [22m
  10  artisan:37
      Illuminate\Foundation\Console\Kernel::handle()

   ErrorException 

  file_get_contents(): Read of 8192 bytes failed with errno=21 Is a directory

  at vendor/google/apiclient/src/Client.php:963
    959▕       if (!file_exists($config)) {
    960▕         throw new InvalidArgumentException(sprintf('file "%s" does not exist', $config));
    961▕       }
    962▕ 
  ➜ 963▕       $json = file_get_contents($config);
    964▕ 
    965▕       if (!$config = json_decode($json, true)) {
    966▕         throw new LogicException('invalid json for auth config');
    967▕       }

      [2m+1 vendor frames [22m
  2   app/Providers/GoogleServiceProvider.php:21
      Google\Client::setAuthConfig()

      [2m+7 vendor frames [22m
  10  artisan:37
      Illuminate\Foundation\Console\Kernel::handle()

   ErrorException 

  file_get_contents(): Read of 8192 bytes failed with errno=21 Is a directory

  at vendor/google/apiclient/src/Client.php:963
    959▕       if (!file_exists($config)) {
    960▕         throw new InvalidArgumentException(sprintf('file "%s" does not exist', $config));
    961▕       }
    962▕ 
  ➜ 963▕       $json = file_get_contents($config);
    964▕ 
    965▕       if (!$config = json_decode($json, true)) {
    966▕         throw new LogicException('invalid json for auth config');
    967▕       }

      [2m+1 vendor frames [22m
  2   app/Providers/GoogleServiceProvider.php:21
      Google\Client::setAuthConfig()

      [2m+7 vendor frames [22m
  10  artisan:37
      Illuminate\Foundation\Console\Kernel::handle()

   ErrorException 

  file_get_contents(): Read of 8192 bytes failed with errno=21 Is a directory

  at vendor/google/apiclient/src/Client.php:963
    959▕       if (!file_exists($config)) {
    960▕         throw new InvalidArgumentException(sprintf('file "%s" does not exist', $config));
    961▕       }
    962▕ 
  ➜ 963▕       $json = file_get_contents($config);
    964▕ 
    965▕       if (!$config = json_decode($json, true)) {
    966▕         throw new LogicException('invalid json for auth config');
    967▕       }

      [2m+1 vendor frames [22m
  2   app/Providers/GoogleServiceProvider.php:21
      Google\Client::setAuthConfig()

      [2m+7 vendor frames [22m
  10  artisan:37
      Illuminate\Foundation\Console\Kernel::handle()

   ErrorException 

  file_get_contents(): Read of 8192 bytes failed with errno=21 Is a directory

  at vendor/google/apiclient/src/Client.php:963
    959▕       if (!file_exists($config)) {
    960▕         throw new InvalidArgumentException(sprintf('file "%s" does not exist', $config));
    961▕       }
    962▕ 
  ➜ 963▕       $json = file_get_contents($config);
    964▕ 
    965▕       if (!$config = json_decode($json, true)) {
    966▕         throw new LogicException('invalid json for auth config');
    967▕       }

      [2m+1 vendor frames [22m
  2   app/Providers/GoogleServiceProvider.php:21
      Google\Client::setAuthConfig()

      [2m+7 vendor frames [22m
  10  artisan:37
      Illuminate\Foundation\Console\Kernel::handle()

   ErrorException 

  file_get_contents(): Read of 8192 bytes failed with errno=21 Is a directory

  at vendor/google/apiclient/src/Client.php:963
    959▕       if (!file_exists($config)) {
    960▕         throw new InvalidArgumentException(sprintf('file "%s" does not exist', $config));
    961▕       }
    962▕ 
  ➜ 963▕       $json = file_get_contents($config);
    964▕ 
    965▕       if (!$config = json_decode($json, true)) {
    966▕         throw new LogicException('invalid json for auth config');
    967▕       }

      [2m+1 vendor frames [22m
  2   app/Providers/GoogleServiceProvider.php:21
      Google\Client::setAuthConfig()

      [2m+7 vendor frames [22m
  10  artisan:37
      Illuminate\Foundation\Console\Kernel::handle()

   ErrorException 

  file_get_contents(): Read of 8192 bytes failed with errno=21 Is a directory

  at vendor/google/apiclient/src/Client.php:963
    959▕       if (!file_exists($config)) {
    960▕         throw new InvalidArgumentException(sprintf('file "%s" does not exist', $config));
    961▕       }
    962▕ 
  ➜ 963▕       $json = file_get_contents($config);
    964▕ 
    965▕       if (!$config = json_decode($json, true)) {
    966▕         throw new LogicException('invalid json for auth config');
    967▕       }

      [2m+1 vendor frames [22m
  2   app/Providers/GoogleServiceProvider.php:21
      Google\Client::setAuthConfig()

      [2m+7 vendor frames [22m
  10  artisan:37
      Illuminate\Foundation\Console\Kernel::handle()

   ErrorException 

  file_get_contents(): Read of 8192 bytes failed with errno=21 Is a directory

  at vendor/google/apiclient/src/Client.php:963
    959▕       if (!file_exists($config)) {
    960▕         throw new InvalidArgumentException(sprintf('file "%s" does not exist', $config));
    961▕       }
    962▕ 
  ➜ 963▕       $json = file_get_contents($config);
    964▕ 
    965▕       if (!$config = json_decode($json, true)) {
    966▕         throw new LogicException('invalid json for auth config');
    967▕       }

      [2m+1 vendor frames [22m
  2   app/Providers/GoogleServiceProvider.php:21
      Google\Client::setAuthConfig()

      [2m+7 vendor frames [22m
  10  artisan:37
      Illuminate\Foundation\Console\Kernel::handle()
Horizon started successfully.
Horizon started successfully.
Horizon started successfully.
Horizon started successfully.
Horizon started successfully.
Horizon started successfully.
Horizon started successfully.
Horizon started successfully.
Horizon started successfully.
Horizon started successfully.
Horizon started successfully.
Horizon started successfully.
Horizon started successfully.
Horizon started successfully.
Horizon started successfully.
Horizon started successfully.
Horizon started successfully.
Horizon started successfully.
Horizon started successfully.
